<?xml version="1.0" encoding="UTF-8"?>
<!-- Generated by org.testng.reporters.JUnitXMLReporter -->
<testsuite hostname="DESKTOP-A7JHH62" ignored="0" name="Default test" tests="8" failures="0" timestamp="26 Oct 2018 16:14:05 GMT" time="52.084" errors="0">
  <testcase name="testParkingTestCase1" time="12.016" classname="example.NewTest"/>
  <testcase name="testParkingTestCase2" time="2.942" classname="example.NewTest"/>
  <testcase name="testParkingTestCase3" time="1.971" classname="example.NewTest"/>
  <testcase name="testParkingTestCase4Java" time="2.596" classname="example.NewTest"/>
  <testcase name="testParkingTestCase5Java" time="2.549" classname="example.NewTest"/>
  <testcase name="testParkingTestCase6Java" time="2.207" classname="example.NewTest"/>
  <testcase name="testParkingTestCase7Java" time="2.455" classname="example.NewTest"/>
  <testcase name="testParkingTestCase8" time="3.429" classname="example.NewTest"/>
</testsuite> <!-- Default test -->
