<?xml version="1.0" encoding="UTF-8"?>
<testng-results skipped="0" failed="0" ignored="0" total="8" passed="8">
  <reporter-output>
  </reporter-output>
  <suite name="Default suite" duration-ms="52084" started-at="2018-10-26T16:13:11Z" finished-at="2018-10-26T16:14:03Z">
    <groups>
    </groups>
    <test name="Default test" duration-ms="52084" started-at="2018-10-26T16:13:11Z" finished-at="2018-10-26T16:14:03Z">
      <class name="example.NewTest">
        <test-method status="PASS" signature="setUp()[pri:0, instance:example.NewTest@57baeedf]" name="setUp" is-config="true" duration-ms="15198" started-at="2018-10-26T16:13:11Z" finished-at="2018-10-26T16:13:26Z">
          <reporter-output>
          </reporter-output>
        </test-method> <!-- setUp -->
        <test-method status="PASS" signature="testParkingTestCase1()[pri:0, instance:example.NewTest@57baeedf]" name="testParkingTestCase1" duration-ms="12016" started-at="2018-10-26T16:13:26Z" finished-at="2018-10-26T16:13:38Z">
          <reporter-output>
          </reporter-output>
        </test-method> <!-- testParkingTestCase1 -->
        <test-method status="PASS" signature="testParkingTestCase2()[pri:0, instance:example.NewTest@57baeedf]" name="testParkingTestCase2" duration-ms="2942" started-at="2018-10-26T16:13:38Z" finished-at="2018-10-26T16:13:41Z">
          <reporter-output>
          </reporter-output>
        </test-method> <!-- testParkingTestCase2 -->
        <test-method status="PASS" signature="testParkingTestCase3()[pri:0, instance:example.NewTest@57baeedf]" name="testParkingTestCase3" duration-ms="1971" started-at="2018-10-26T16:13:41Z" finished-at="2018-10-26T16:13:43Z">
          <reporter-output>
          </reporter-output>
        </test-method> <!-- testParkingTestCase3 -->
        <test-method status="PASS" signature="testParkingTestCase4Java()[pri:0, instance:example.NewTest@57baeedf]" name="testParkingTestCase4Java" duration-ms="2596" started-at="2018-10-26T16:13:43Z" finished-at="2018-10-26T16:13:46Z">
          <reporter-output>
          </reporter-output>
        </test-method> <!-- testParkingTestCase4Java -->
        <test-method status="PASS" signature="testParkingTestCase5Java()[pri:0, instance:example.NewTest@57baeedf]" name="testParkingTestCase5Java" duration-ms="2549" started-at="2018-10-26T16:13:46Z" finished-at="2018-10-26T16:13:48Z">
          <reporter-output>
          </reporter-output>
        </test-method> <!-- testParkingTestCase5Java -->
        <test-method status="PASS" signature="testParkingTestCase6Java()[pri:0, instance:example.NewTest@57baeedf]" name="testParkingTestCase6Java" duration-ms="2207" started-at="2018-10-26T16:13:48Z" finished-at="2018-10-26T16:13:50Z">
          <reporter-output>
          </reporter-output>
        </test-method> <!-- testParkingTestCase6Java -->
        <test-method status="PASS" signature="testParkingTestCase7Java()[pri:0, instance:example.NewTest@57baeedf]" name="testParkingTestCase7Java" duration-ms="2455" started-at="2018-10-26T16:13:50Z" finished-at="2018-10-26T16:13:53Z">
          <reporter-output>
          </reporter-output>
        </test-method> <!-- testParkingTestCase7Java -->
        <test-method status="PASS" signature="testParkingTestCase8()[pri:0, instance:example.NewTest@57baeedf]" name="testParkingTestCase8" duration-ms="3429" started-at="2018-10-26T16:13:53Z" finished-at="2018-10-26T16:13:56Z">
          <reporter-output>
          </reporter-output>
        </test-method> <!-- testParkingTestCase8 -->
        <test-method status="PASS" signature="tearDown()[pri:0, instance:example.NewTest@57baeedf]" name="tearDown" is-config="true" duration-ms="6659" started-at="2018-10-26T16:13:56Z" finished-at="2018-10-26T16:14:03Z">
          <reporter-output>
          </reporter-output>
        </test-method> <!-- tearDown -->
      </class> <!-- example.NewTest -->
    </test> <!-- Default test -->
  </suite> <!-- Default suite -->
</testng-results>
